

processing file: README.Rmd
  |                                                                              |                                                                      |   0%  |                                                                              |..........                                                            |  14%
  ordinary text without R code

  |                                                                              |....................                                                  |  29%
label: unnamed-chunk-1 (with options) 
List of 1
 $ include: logi FALSE

  |                                                                              |..............................                                        |  43%
  ordinary text without R code

  |                                                                              |........................................                              |  57%
label: dataSets
  |                                                                              |..................................................                    |  71%
  ordinary text without R code

  |                                                                              |............................................................          |  86%
label: example
  |                                                                              |......................................................................| 100%
  ordinary text without R code


output file: README.knit.md

/usr/local/bin/pandoc +RTS -K512m -RTS README.utf8.md --to gfm --from markdown+autolink_bare_uris+tex_math_single_backslash --output README.md --standalone --template /Library/Frameworks/R.framework/Versions/4.0/Resources/library/rmarkdown/rmarkdown/templates/github_document/resources/default.md --filter /usr/local/bin/pandoc-citeproc 
/usr/local/bin/pandoc +RTS -K512m -RTS README.md --to html4 --from gfm --output README.html --standalone --self-contained --highlight-style pygments --template /Library/Frameworks/R.framework/Versions/4.0/Resources/library/rmarkdown/rmarkdown/templates/github_document/resources/preview.html --variable 'github-markdown-css:/Library/Frameworks/R.framework/Versions/4.0/Resources/library/rmarkdown/rmarkdown/templates/github_document/resources/github.css' --email-obfuscation none --metadata pagetitle=PREVIEW 

Preview created: README.html

Output created: README.md
